This file contains any messages produced by compilers while
running configure, to aid debugging if configure makes a mistake.

It was created by configure, which was
generated by GNU Autoconf 2.69.  Invocation command line was

  $ ./configure 

## --------- ##
## Platform. ##
## --------- ##

hostname = Ric
uname -m = x86_64
uname -r = 4.16.6-1-ARCH
uname -s = Linux
uname -v = #1 SMP PREEMPT Mon Apr 30 12:30:03 UTC 2018

/usr/bin/uname -p = unknown
/bin/uname -X     = unknown

/bin/arch              = unknown
/usr/bin/arch -k       = unknown
/usr/convex/getsysinfo = unknown
/usr/bin/hostinfo      = unknown
/bin/machine           = unknown
/usr/bin/oslevel       = unknown
/bin/universe          = unknown

PATH: /usr/local/sbin
PATH: /usr/local/bin
PATH: /usr/bin
PATH: /usr/lib/jvm/default/bin
PATH: /usr/bin/site_perl
PATH: /usr/bin/vendor_perl
PATH: /usr/bin/core_perl
PATH: /usr/lib/jvm/default/bin
PATH: /usr/bin/site_perl
PATH: /usr/bin/vendor_perl
PATH: /usr/bin/core_perl


## ----------- ##
## Core tests. ##
## ----------- ##

configure:2691: checking for gcc
configure:2707: found /usr/bin/gcc
configure:2718: result: gcc
configure:2947: checking for C compiler version
configure:2956: gcc --version >&5
gcc (GCC) 8.1.0
Copyright (C) 2018 Free Software Foundation, Inc.
This is free software; see the source for copying conditions.  There is NO
warranty; not even for MERCHANTABILITY or FITNESS FOR A PARTICULAR PURPOSE.

configure:2967: $? = 0
configure:2956: gcc -v >&5
Using built-in specs.
COLLECT_GCC=gcc
COLLECT_LTO_WRAPPER=/usr/lib/gcc/x86_64-pc-linux-gnu/8.1.0/lto-wrapper
Target: x86_64-pc-linux-gnu
Configured with: /build/gcc/src/gcc/configure --prefix=/usr --libdir=/usr/lib --libexecdir=/usr/lib --mandir=/usr/share/man --infodir=/usr/share/info --with-bugurl=https://bugs.archlinux.org/ --enable-languages=c,c++,ada,fortran,go,lto,objc,obj-c++ --enable-shared --enable-threads=posix --enable-libmpx --with-system-zlib --with-isl --enable-__cxa_atexit --disable-libunwind-exceptions --enable-clocale=gnu --disable-libstdcxx-pch --disable-libssp --enable-gnu-unique-object --enable-linker-build-id --enable-lto --enable-plugin --enable-install-libiberty --with-linker-hash-style=gnu --enable-gnu-indirect-function --enable-multilib --disable-werror --enable-checking=release --enable-default-pie --enable-default-ssp
Thread model: posix
gcc version 8.1.0 (GCC) 
configure:2967: $? = 0
configure:2956: gcc -V >&5
gcc: error: unrecognized command line option '-V'
gcc: fatal error: no input files
compilation terminated.
configure:2967: $? = 1
configure:2956: gcc -qversion >&5
gcc: error: unrecognized command line option '-qversion'; did you mean '--version'?
gcc: fatal error: no input files
compilation terminated.
configure:2967: $? = 1
configure:2987: checking whether the C compiler works
configure:3009: gcc    conftest.c  >&5
configure:3013: $? = 0
configure:3061: result: yes
configure:3064: checking for C compiler default output file name
configure:3066: result: a.out
configure:3072: checking for suffix of executables
configure:3079: gcc -o conftest    conftest.c  >&5
configure:3083: $? = 0
configure:3105: result: 
configure:3127: checking whether we are cross compiling
configure:3135: gcc -o conftest    conftest.c  >&5
configure:3139: $? = 0
configure:3146: ./conftest
configure:3150: $? = 0
configure:3165: result: no
configure:3170: checking for suffix of object files
configure:3192: gcc -c   conftest.c >&5
configure:3196: $? = 0
configure:3217: result: o
configure:3221: checking whether we are using the GNU C compiler
configure:3240: gcc -c   conftest.c >&5
configure:3240: $? = 0
configure:3249: result: yes
configure:3258: checking whether gcc accepts -g
configure:3278: gcc -c -g  conftest.c >&5
configure:3278: $? = 0
configure:3319: result: yes
configure:3336: checking for gcc option to accept ISO C89
configure:3399: gcc  -c   conftest.c >&5
configure:3399: $? = 0
configure:3412: result: none needed
configure:3490: checking for g++
configure:3506: found /usr/bin/g++
configure:3517: result: g++
configure:3544: checking for C++ compiler version
configure:3553: g++ --version >&5
g++ (GCC) 8.1.0
Copyright (C) 2018 Free Software Foundation, Inc.
This is free software; see the source for copying conditions.  There is NO
warranty; not even for MERCHANTABILITY or FITNESS FOR A PARTICULAR PURPOSE.

configure:3564: $? = 0
configure:3553: g++ -v >&5
Using built-in specs.
COLLECT_GCC=g++
COLLECT_LTO_WRAPPER=/usr/lib/gcc/x86_64-pc-linux-gnu/8.1.0/lto-wrapper
Target: x86_64-pc-linux-gnu
Configured with: /build/gcc/src/gcc/configure --prefix=/usr --libdir=/usr/lib --libexecdir=/usr/lib --mandir=/usr/share/man --infodir=/usr/share/info --with-bugurl=https://bugs.archlinux.org/ --enable-languages=c,c++,ada,fortran,go,lto,objc,obj-c++ --enable-shared --enable-threads=posix --enable-libmpx --with-system-zlib --with-isl --enable-__cxa_atexit --disable-libunwind-exceptions --enable-clocale=gnu --disable-libstdcxx-pch --disable-libssp --enable-gnu-unique-object --enable-linker-build-id --enable-lto --enable-plugin --enable-install-libiberty --with-linker-hash-style=gnu --enable-gnu-indirect-function --enable-multilib --disable-werror --enable-checking=release --enable-default-pie --enable-default-ssp
Thread model: posix
gcc version 8.1.0 (GCC) 
configure:3564: $? = 0
configure:3553: g++ -V >&5
g++: error: unrecognized command line option '-V'
g++: fatal error: no input files
compilation terminated.
configure:3564: $? = 1
configure:3553: g++ -qversion >&5
g++: error: unrecognized command line option '-qversion'; did you mean '--version'?
g++: fatal error: no input files
compilation terminated.
configure:3564: $? = 1
configure:3568: checking whether we are using the GNU C++ compiler
configure:3587: g++ -c   conftest.cpp >&5
configure:3587: $? = 0
configure:3596: result: yes
configure:3605: checking whether g++ accepts -g
configure:3625: g++ -c -g  conftest.cpp >&5
configure:3625: $? = 0
configure:3666: result: yes
configure:3691: checking for nroff
configure:3709: found /usr/bin/nroff
configure:3721: result: /usr/bin/nroff
configure:3778: checking for htmldoc
configure:3811: result: no
configure:3860: checking for ranlib
configure:3876: found /usr/bin/ranlib
configure:3887: result: ranlib
configure:3911: checking for ar
configure:3929: found /usr/bin/ar
configure:3941: result: /usr/bin/ar
configure:3971: checking how to run the C preprocessor
configure:4002: gcc -E  conftest.c
configure:4002: $? = 0
configure:4016: gcc -E  conftest.c
conftest.c:9:10: fatal error: ac_nonexistent.h: No such file or directory
 #include <ac_nonexistent.h>
          ^~~~~~~~~~~~~~~~~~
compilation terminated.
configure:4016: $? = 1
configure: failed program was:
| /* confdefs.h */
| #define PACKAGE_NAME ""
| #define PACKAGE_TARNAME ""
| #define PACKAGE_VERSION ""
| #define PACKAGE_STRING ""
| #define PACKAGE_BUGREPORT ""
| #define PACKAGE_URL ""
| /* end confdefs.h.  */
| #include <ac_nonexistent.h>
configure:4041: result: gcc -E
configure:4061: gcc -E  conftest.c
configure:4061: $? = 0
configure:4075: gcc -E  conftest.c
conftest.c:9:10: fatal error: ac_nonexistent.h: No such file or directory
 #include <ac_nonexistent.h>
          ^~~~~~~~~~~~~~~~~~
compilation terminated.
configure:4075: $? = 1
configure: failed program was:
| /* confdefs.h */
| #define PACKAGE_NAME ""
| #define PACKAGE_TARNAME ""
| #define PACKAGE_VERSION ""
| #define PACKAGE_STRING ""
| #define PACKAGE_BUGREPORT ""
| #define PACKAGE_URL ""
| /* end confdefs.h.  */
| #include <ac_nonexistent.h>
configure:4104: checking for grep that handles long lines and -e
configure:4162: result: /usr/bin/grep
configure:4167: checking for egrep
configure:4229: result: /usr/bin/grep -E
configure:4234: checking for ANSI C header files
configure:4254: gcc -c   conftest.c >&5
configure:4254: $? = 0
configure:4327: gcc -o conftest    conftest.c  >&5
configure:4327: $? = 0
configure:4327: ./conftest
configure:4327: $? = 0
configure:4338: result: yes
configure:4351: checking for sys/types.h
configure:4351: gcc -c   conftest.c >&5
configure:4351: $? = 0
configure:4351: result: yes
configure:4351: checking for sys/stat.h
configure:4351: gcc -c   conftest.c >&5
configure:4351: $? = 0
configure:4351: result: yes
configure:4351: checking for stdlib.h
configure:4351: gcc -c   conftest.c >&5
configure:4351: $? = 0
configure:4351: result: yes
configure:4351: checking for string.h
configure:4351: gcc -c   conftest.c >&5
configure:4351: $? = 0
configure:4351: result: yes
configure:4351: checking for memory.h
configure:4351: gcc -c   conftest.c >&5
configure:4351: $? = 0
configure:4351: result: yes
configure:4351: checking for strings.h
configure:4351: gcc -c   conftest.c >&5
configure:4351: $? = 0
configure:4351: result: yes
configure:4351: checking for inttypes.h
configure:4351: gcc -c   conftest.c >&5
configure:4351: $? = 0
configure:4351: result: yes
configure:4351: checking for stdint.h
configure:4351: gcc -c   conftest.c >&5
configure:4351: $? = 0
configure:4351: result: yes
configure:4351: checking for unistd.h
configure:4351: gcc -c   conftest.c >&5
configure:4351: $? = 0
configure:4351: result: yes
configure:4363: checking whether byte ordering is bigendian
configure:4378: gcc -c   conftest.c >&5
conftest.c:20:9: error: unknown type name 'not'
         not a universal capable compiler
         ^~~
conftest.c:20:15: error: expected '=', ',', ';', 'asm' or '__attribute__' before 'universal'
         not a universal capable compiler
               ^~~~~~~~~
conftest.c:20:15: error: unknown type name 'universal'
configure:4378: $? = 1
configure: failed program was:
| /* confdefs.h */
| #define PACKAGE_NAME ""
| #define PACKAGE_TARNAME ""
| #define PACKAGE_VERSION ""
| #define PACKAGE_STRING ""
| #define PACKAGE_BUGREPORT ""
| #define PACKAGE_URL ""
| #define STDC_HEADERS 1
| #define HAVE_SYS_TYPES_H 1
| #define HAVE_SYS_STAT_H 1
| #define HAVE_STDLIB_H 1
| #define HAVE_STRING_H 1
| #define HAVE_MEMORY_H 1
| #define HAVE_STRINGS_H 1
| #define HAVE_INTTYPES_H 1
| #define HAVE_STDINT_H 1
| #define HAVE_UNISTD_H 1
| /* end confdefs.h.  */
| #ifndef __APPLE_CC__
| 	       not a universal capable compiler
| 	     #endif
| 	     typedef int dummy;
| 
configure:4423: gcc -c   conftest.c >&5
configure:4423: $? = 0
configure:4441: gcc -c   conftest.c >&5
conftest.c: In function 'main':
conftest.c:26:4: error: unknown type name 'not'; did you mean 'ino_t'?
    not big endian
    ^~~
    ino_t
conftest.c:26:12: error: expected '=', ',', ';', 'asm' or '__attribute__' before 'endian'
    not big endian
            ^~~~~~
configure:4441: $? = 1
configure: failed program was:
| /* confdefs.h */
| #define PACKAGE_NAME ""
| #define PACKAGE_TARNAME ""
| #define PACKAGE_VERSION ""
| #define PACKAGE_STRING ""
| #define PACKAGE_BUGREPORT ""
| #define PACKAGE_URL ""
| #define STDC_HEADERS 1
| #define HAVE_SYS_TYPES_H 1
| #define HAVE_SYS_STAT_H 1
| #define HAVE_STDLIB_H 1
| #define HAVE_STRING_H 1
| #define HAVE_MEMORY_H 1
| #define HAVE_STRINGS_H 1
| #define HAVE_INTTYPES_H 1
| #define HAVE_STDINT_H 1
| #define HAVE_UNISTD_H 1
| /* end confdefs.h.  */
| #include <sys/types.h>
| 		#include <sys/param.h>
| 
| int
| main ()
| {
| #if BYTE_ORDER != BIG_ENDIAN
| 		 not big endian
| 		#endif
| 
|   ;
|   return 0;
| }
configure:4569: result: no
configure:4592: checking size of short
configure:4597: gcc -o conftest    conftest.c  >&5
configure:4597: $? = 0
configure:4597: ./conftest
configure:4597: $? = 0
configure:4611: result: 2
configure:4625: checking size of int
configure:4630: gcc -o conftest    conftest.c  >&5
configure:4630: $? = 0
configure:4630: ./conftest
configure:4630: $? = 0
configure:4644: result: 4
configure:4658: checking size of long
configure:4663: gcc -o conftest    conftest.c  >&5
configure:4663: $? = 0
configure:4663: ./conftest
configure:4663: $? = 0
configure:4677: result: 8
configure:4714: checking whether the compiler recognizes bool as a built-in type
configure:4745: g++ -c   conftest.cpp >&5
configure:4745: $? = 0
configure:4759: result: yes
configure:4769: checking for dirent.h that defines DIR
configure:4788: gcc -c   conftest.c >&5
configure:4788: $? = 0
configure:4796: result: yes
configure:4809: checking for library containing opendir
configure:4840: gcc -o conftest    conftest.c  >&5
configure:4840: $? = 0
configure:4857: result: none required
configure:4924: checking sys/select.h usability
configure:4924: gcc -c   conftest.c >&5
configure:4924: $? = 0
configure:4924: result: yes
configure:4924: checking sys/select.h presence
configure:4924: gcc -E  conftest.c
configure:4924: $? = 0
configure:4924: result: yes
configure:4924: checking for sys/select.h
configure:4924: result: yes
configure:4931: checking sys/stdtypes.h usability
configure:4931: gcc -c   conftest.c >&5
conftest.c:60:10: fatal error: sys/stdtypes.h: No such file or directory
 #include <sys/stdtypes.h>
          ^~~~~~~~~~~~~~~~
compilation terminated.
configure:4931: $? = 1
configure: failed program was:
| /* confdefs.h */
| #define PACKAGE_NAME ""
| #define PACKAGE_TARNAME ""
| #define PACKAGE_VERSION ""
| #define PACKAGE_STRING ""
| #define PACKAGE_BUGREPORT ""
| #define PACKAGE_URL ""
| #define STDC_HEADERS 1
| #define HAVE_SYS_TYPES_H 1
| #define HAVE_SYS_STAT_H 1
| #define HAVE_STDLIB_H 1
| #define HAVE_STRING_H 1
| #define HAVE_MEMORY_H 1
| #define HAVE_STRINGS_H 1
| #define HAVE_INTTYPES_H 1
| #define HAVE_STDINT_H 1
| #define HAVE_UNISTD_H 1
| #define SIZEOF_SHORT 2
| #define SIZEOF_INT 4
| #define SIZEOF_LONG 8
| #define U16 unsigned short
| #define U32 unsigned
| #define U64 unsigned long
| #define HAVE_DIRENT_H 1
| #define HAVE_SYS_SELECT_H 1
| /* end confdefs.h.  */
| #include <stdio.h>
| #ifdef HAVE_SYS_TYPES_H
| # include <sys/types.h>
| #endif
| #ifdef HAVE_SYS_STAT_H
| # include <sys/stat.h>
| #endif
| #ifdef STDC_HEADERS
| # include <stdlib.h>
| # include <stddef.h>
| #else
| # ifdef HAVE_STDLIB_H
| #  include <stdlib.h>
| # endif
| #endif
| #ifdef HAVE_STRING_H
| # if !defined STDC_HEADERS && defined HAVE_MEMORY_H
| #  include <memory.h>
| # endif
| # include <string.h>
| #endif
| #ifdef HAVE_STRINGS_H
| # include <strings.h>
| #endif
| #ifdef HAVE_INTTYPES_H
| # include <inttypes.h>
| #endif
| #ifdef HAVE_STDINT_H
| # include <stdint.h>
| #endif
| #ifdef HAVE_UNISTD_H
| # include <unistd.h>
| #endif
| #include <sys/stdtypes.h>
configure:4931: result: no
configure:4931: checking sys/stdtypes.h presence
configure:4931: gcc -E  conftest.c
conftest.c:27:10: fatal error: sys/stdtypes.h: No such file or directory
 #include <sys/stdtypes.h>
          ^~~~~~~~~~~~~~~~
compilation terminated.
configure:4931: $? = 1
configure: failed program was:
| /* confdefs.h */
| #define PACKAGE_NAME ""
| #define PACKAGE_TARNAME ""
| #define PACKAGE_VERSION ""
| #define PACKAGE_STRING ""
| #define PACKAGE_BUGREPORT ""
| #define PACKAGE_URL ""
| #define STDC_HEADERS 1
| #define HAVE_SYS_TYPES_H 1
| #define HAVE_SYS_STAT_H 1
| #define HAVE_STDLIB_H 1
| #define HAVE_STRING_H 1
| #define HAVE_MEMORY_H 1
| #define HAVE_STRINGS_H 1
| #define HAVE_INTTYPES_H 1
| #define HAVE_STDINT_H 1
| #define HAVE_UNISTD_H 1
| #define SIZEOF_SHORT 2
| #define SIZEOF_INT 4
| #define SIZEOF_LONG 8
| #define U16 unsigned short
| #define U32 unsigned
| #define U64 unsigned long
| #define HAVE_DIRENT_H 1
| #define HAVE_SYS_SELECT_H 1
| /* end confdefs.h.  */
| #include <sys/stdtypes.h>
configure:4931: result: no
configure:4931: checking for sys/stdtypes.h
configure:4931: result: no
configure:4939: checking whether we have the POSIX compatible scandir() prototype
configure:4969: g++ -c   conftest.cpp >&5
conftest.cpp: In function 'int func(const char*, dirent***, void*)':
conftest.cpp:31:4: warning: no return statement in function returning non-void [-Wreturn-type]
    }
    ^
configure:4969: $? = 0
configure:4983: result: yes
configure:4991: checking for scandir
configure:4991: gcc -o conftest    conftest.c  >&5
configure:4991: $? = 0
configure:4991: result: yes
configure:5004: checking for string.h
configure:5004: result: yes
configure:5011: checking for strings.h
configure:5011: result: yes
configure:5019: checking for snprintf
configure:5019: gcc -o conftest    conftest.c  >&5
conftest.c:54:6: warning: conflicting types for built-in function 'snprintf' [-Wbuiltin-declaration-mismatch]
 char snprintf ();
      ^~~~~~~~
configure:5019: $? = 0
configure:5019: result: yes
configure:5055: checking for vsnprintf
configure:5055: gcc -o conftest    conftest.c  >&5
conftest.c:55:6: warning: conflicting types for built-in function 'vsnprintf' [-Wbuiltin-declaration-mismatch]
 char vsnprintf ();
      ^~~~~~~~~
configure:5055: $? = 0
configure:5055: result: yes
configure:5091: checking for strcasecmp
configure:5091: gcc -o conftest    conftest.c  >&5
conftest.c:56:6: warning: conflicting types for built-in function 'strcasecmp' [-Wbuiltin-declaration-mismatch]
 char strcasecmp ();
      ^~~~~~~~~~
configure:5091: $? = 0
configure:5091: result: yes
configure:5107: checking for strdup
configure:5107: gcc -o conftest    conftest.c  >&5
conftest.c:57:6: warning: conflicting types for built-in function 'strdup' [-Wbuiltin-declaration-mismatch]
 char strdup ();
      ^~~~~~
configure:5107: $? = 0
configure:5107: result: yes
configure:5113: checking for strncasecmp
configure:5113: gcc -o conftest    conftest.c  >&5
conftest.c:58:6: warning: conflicting types for built-in function 'strncasecmp' [-Wbuiltin-declaration-mismatch]
 char strncasecmp ();
      ^~~~~~~~~~~
configure:5113: $? = 0
configure:5113: result: yes
configure:5129: checking for strlcat
configure:5129: gcc -o conftest    conftest.c  >&5
/tmp/cc6dwKdD.o: In function `main':
conftest.c:(.text+0xa): undefined reference to `strlcat'
collect2: error: ld returned 1 exit status
configure:5129: $? = 1
configure: failed program was:
| /* confdefs.h */
| #define PACKAGE_NAME ""
| #define PACKAGE_TARNAME ""
| #define PACKAGE_VERSION ""
| #define PACKAGE_STRING ""
| #define PACKAGE_BUGREPORT ""
| #define PACKAGE_URL ""
| #define STDC_HEADERS 1
| #define HAVE_SYS_TYPES_H 1
| #define HAVE_SYS_STAT_H 1
| #define HAVE_STDLIB_H 1
| #define HAVE_STRING_H 1
| #define HAVE_MEMORY_H 1
| #define HAVE_STRINGS_H 1
| #define HAVE_INTTYPES_H 1
| #define HAVE_STDINT_H 1
| #define HAVE_UNISTD_H 1
| #define SIZEOF_SHORT 2
| #define SIZEOF_INT 4
| #define SIZEOF_LONG 8
| #define U16 unsigned short
| #define U32 unsigned
| #define U64 unsigned long
| #define HAVE_DIRENT_H 1
| #define HAVE_SYS_SELECT_H 1
| #define HAVE_SCANDIR_POSIX 1
| #define HAVE_SCANDIR 1
| #define HAVE_STRING_H 1
| #define HAVE_STRINGS_H 1
| #define HAVE_SNPRINTF 1
| #define HAVE_VSNPRINTF 1
| #define HAVE_STRCASECMP 1
| #define HAVE_STRDUP 1
| #define HAVE_STRNCASECMP 1
| /* end confdefs.h.  */
| /* Define strlcat to an innocuous variant, in case <limits.h> declares strlcat.
|    For example, HP-UX 11i <limits.h> declares gettimeofday.  */
| #define strlcat innocuous_strlcat
| 
| /* System header to define __stub macros and hopefully few prototypes,
|     which can conflict with char strlcat (); below.
|     Prefer <limits.h> to <assert.h> if __STDC__ is defined, since
|     <limits.h> exists even on freestanding compilers.  */
| 
| #ifdef __STDC__
| # include <limits.h>
| #else
| # include <assert.h>
| #endif
| 
| #undef strlcat
| 
| /* Override any GCC internal prototype to avoid an error.
|    Use char because int might match the return type of a GCC
|    builtin and then its argument prototype would still apply.  */
| #ifdef __cplusplus
| extern "C"
| #endif
| char strlcat ();
| /* The GNU C library defines this for functions which it implements
|     to always fail with ENOSYS.  Some functions are actually named
|     something starting with __ and the normal name is an alias.  */
| #if defined __stub_strlcat || defined __stub___strlcat
| choke me
| #endif
| 
| int
| main ()
| {
| return strlcat ();
|   ;
|   return 0;
| }
configure:5129: result: no
configure:5135: checking for strlcpy
configure:5135: gcc -o conftest    conftest.c  >&5
/tmp/ccuBvq2G.o: In function `main':
conftest.c:(.text+0xa): undefined reference to `strlcpy'
collect2: error: ld returned 1 exit status
configure:5135: $? = 1
configure: failed program was:
| /* confdefs.h */
| #define PACKAGE_NAME ""
| #define PACKAGE_TARNAME ""
| #define PACKAGE_VERSION ""
| #define PACKAGE_STRING ""
| #define PACKAGE_BUGREPORT ""
| #define PACKAGE_URL ""
| #define STDC_HEADERS 1
| #define HAVE_SYS_TYPES_H 1
| #define HAVE_SYS_STAT_H 1
| #define HAVE_STDLIB_H 1
| #define HAVE_STRING_H 1
| #define HAVE_MEMORY_H 1
| #define HAVE_STRINGS_H 1
| #define HAVE_INTTYPES_H 1
| #define HAVE_STDINT_H 1
| #define HAVE_UNISTD_H 1
| #define SIZEOF_SHORT 2
| #define SIZEOF_INT 4
| #define SIZEOF_LONG 8
| #define U16 unsigned short
| #define U32 unsigned
| #define U64 unsigned long
| #define HAVE_DIRENT_H 1
| #define HAVE_SYS_SELECT_H 1
| #define HAVE_SCANDIR_POSIX 1
| #define HAVE_SCANDIR 1
| #define HAVE_STRING_H 1
| #define HAVE_STRINGS_H 1
| #define HAVE_SNPRINTF 1
| #define HAVE_VSNPRINTF 1
| #define HAVE_STRCASECMP 1
| #define HAVE_STRDUP 1
| #define HAVE_STRNCASECMP 1
| /* end confdefs.h.  */
| /* Define strlcpy to an innocuous variant, in case <limits.h> declares strlcpy.
|    For example, HP-UX 11i <limits.h> declares gettimeofday.  */
| #define strlcpy innocuous_strlcpy
| 
| /* System header to define __stub macros and hopefully few prototypes,
|     which can conflict with char strlcpy (); below.
|     Prefer <limits.h> to <assert.h> if __STDC__ is defined, since
|     <limits.h> exists even on freestanding compilers.  */
| 
| #ifdef __STDC__
| # include <limits.h>
| #else
| # include <assert.h>
| #endif
| 
| #undef strlcpy
| 
| /* Override any GCC internal prototype to avoid an error.
|    Use char because int might match the return type of a GCC
|    builtin and then its argument prototype would still apply.  */
| #ifdef __cplusplus
| extern "C"
| #endif
| char strlcpy ();
| /* The GNU C library defines this for functions which it implements
|     to always fail with ENOSYS.  Some functions are actually named
|     something starting with __ and the normal name is an alias.  */
| #if defined __stub_strlcpy || defined __stub___strlcpy
| choke me
| #endif
| 
| int
| main ()
| {
| return strlcpy ();
|   ;
|   return 0;
| }
configure:5135: result: no
configure:5142: checking for library containing pow
configure:5173: gcc -o conftest    conftest.c  >&5
conftest.c:43:6: warning: conflicting types for built-in function 'pow' [-Wbuiltin-declaration-mismatch]
 char pow ();
      ^~~
/tmp/cc6cOtyP.o: In function `main':
conftest.c:(.text+0xa): undefined reference to `pow'
collect2: error: ld returned 1 exit status
configure:5173: $? = 1
configure: failed program was:
| /* confdefs.h */
| #define PACKAGE_NAME ""
| #define PACKAGE_TARNAME ""
| #define PACKAGE_VERSION ""
| #define PACKAGE_STRING ""
| #define PACKAGE_BUGREPORT ""
| #define PACKAGE_URL ""
| #define STDC_HEADERS 1
| #define HAVE_SYS_TYPES_H 1
| #define HAVE_SYS_STAT_H 1
| #define HAVE_STDLIB_H 1
| #define HAVE_STRING_H 1
| #define HAVE_MEMORY_H 1
| #define HAVE_STRINGS_H 1
| #define HAVE_INTTYPES_H 1
| #define HAVE_STDINT_H 1
| #define HAVE_UNISTD_H 1
| #define SIZEOF_SHORT 2
| #define SIZEOF_INT 4
| #define SIZEOF_LONG 8
| #define U16 unsigned short
| #define U32 unsigned
| #define U64 unsigned long
| #define HAVE_DIRENT_H 1
| #define HAVE_SYS_SELECT_H 1
| #define HAVE_SCANDIR_POSIX 1
| #define HAVE_SCANDIR 1
| #define HAVE_STRING_H 1
| #define HAVE_STRINGS_H 1
| #define HAVE_SNPRINTF 1
| #define HAVE_VSNPRINTF 1
| #define HAVE_STRCASECMP 1
| #define HAVE_STRDUP 1
| #define HAVE_STRNCASECMP 1
| /* end confdefs.h.  */
| 
| /* Override any GCC internal prototype to avoid an error.
|    Use char because int might match the return type of a GCC
|    builtin and then its argument prototype would still apply.  */
| #ifdef __cplusplus
| extern "C"
| #endif
| char pow ();
| int
| main ()
| {
| return pow ();
|   ;
|   return 0;
| }
configure:5173: gcc -o conftest    conftest.c -lm   >&5
conftest.c:43:6: warning: conflicting types for built-in function 'pow' [-Wbuiltin-declaration-mismatch]
 char pow ();
      ^~~
configure:5173: $? = 0
configure:5190: result: -lm
configure:5209: checking jpeglib.h usability
configure:5209: gcc -c   conftest.c >&5
configure:5209: $? = 0
configure:5209: result: yes
configure:5209: checking jpeglib.h presence
configure:5209: gcc -E  conftest.c
configure:5209: $? = 0
configure:5209: result: yes
configure:5209: checking for jpeglib.h
configure:5209: result: yes
configure:5212: checking for jpeg_destroy_decompress in -ljpeg
configure:5237: gcc -o conftest    conftest.c -ljpeg  -lm  >&5
configure:5237: $? = 0
configure:5246: result: yes
configure:5279: checking zlib.h usability
configure:5279: gcc -c   conftest.c >&5
configure:5279: $? = 0
configure:5279: result: yes
configure:5279: checking zlib.h presence
configure:5279: gcc -E  conftest.c
configure:5279: $? = 0
configure:5279: result: yes
configure:5279: checking for zlib.h
configure:5279: result: yes
configure:5282: checking for gzopen in -lz
configure:5307: gcc -o conftest    conftest.c -lz  -lm  >&5
configure:5307: $? = 0
configure:5316: result: yes
configure:5350: checking png.h usability
configure:5350: gcc -c   conftest.c >&5
configure:5350: $? = 0
configure:5350: result: yes
configure:5350: checking png.h presence
configure:5350: gcc -E  conftest.c
configure:5350: $? = 0
configure:5350: result: yes
configure:5350: checking for png.h
configure:5350: result: yes
configure:5357: checking libpng/png.h usability
configure:5357: gcc -c   conftest.c >&5
conftest.c:72:10: fatal error: libpng/png.h: No such file or directory
 #include <libpng/png.h>
          ^~~~~~~~~~~~~~
compilation terminated.
configure:5357: $? = 1
configure: failed program was:
| /* confdefs.h */
| #define PACKAGE_NAME ""
| #define PACKAGE_TARNAME ""
| #define PACKAGE_VERSION ""
| #define PACKAGE_STRING ""
| #define PACKAGE_BUGREPORT ""
| #define PACKAGE_URL ""
| #define STDC_HEADERS 1
| #define HAVE_SYS_TYPES_H 1
| #define HAVE_SYS_STAT_H 1
| #define HAVE_STDLIB_H 1
| #define HAVE_STRING_H 1
| #define HAVE_MEMORY_H 1
| #define HAVE_STRINGS_H 1
| #define HAVE_INTTYPES_H 1
| #define HAVE_STDINT_H 1
| #define HAVE_UNISTD_H 1
| #define SIZEOF_SHORT 2
| #define SIZEOF_INT 4
| #define SIZEOF_LONG 8
| #define U16 unsigned short
| #define U32 unsigned
| #define U64 unsigned long
| #define HAVE_DIRENT_H 1
| #define HAVE_SYS_SELECT_H 1
| #define HAVE_SCANDIR_POSIX 1
| #define HAVE_SCANDIR 1
| #define HAVE_STRING_H 1
| #define HAVE_STRINGS_H 1
| #define HAVE_SNPRINTF 1
| #define HAVE_VSNPRINTF 1
| #define HAVE_STRCASECMP 1
| #define HAVE_STRDUP 1
| #define HAVE_STRNCASECMP 1
| #define HAVE_LIBJPEG 1
| #define HAVE_LIBZ 1
| #define HAVE_PNG_H 1
| /* end confdefs.h.  */
| #include <stdio.h>
| #ifdef HAVE_SYS_TYPES_H
| # include <sys/types.h>
| #endif
| #ifdef HAVE_SYS_STAT_H
| # include <sys/stat.h>
| #endif
| #ifdef STDC_HEADERS
| # include <stdlib.h>
| # include <stddef.h>
| #else
| # ifdef HAVE_STDLIB_H
| #  include <stdlib.h>
| # endif
| #endif
| #ifdef HAVE_STRING_H
| # if !defined STDC_HEADERS && defined HAVE_MEMORY_H
| #  include <memory.h>
| # endif
| # include <string.h>
| #endif
| #ifdef HAVE_STRINGS_H
| # include <strings.h>
| #endif
| #ifdef HAVE_INTTYPES_H
| # include <inttypes.h>
| #endif
| #ifdef HAVE_STDINT_H
| # include <stdint.h>
| #endif
| #ifdef HAVE_UNISTD_H
| # include <unistd.h>
| #endif
| #include <libpng/png.h>
configure:5357: result: no
configure:5357: checking libpng/png.h presence
configure:5357: gcc -E  conftest.c
conftest.c:39:10: fatal error: libpng/png.h: No such file or directory
 #include <libpng/png.h>
          ^~~~~~~~~~~~~~
compilation terminated.
configure:5357: $? = 1
configure: failed program was:
| /* confdefs.h */
| #define PACKAGE_NAME ""
| #define PACKAGE_TARNAME ""
| #define PACKAGE_VERSION ""
| #define PACKAGE_STRING ""
| #define PACKAGE_BUGREPORT ""
| #define PACKAGE_URL ""
| #define STDC_HEADERS 1
| #define HAVE_SYS_TYPES_H 1
| #define HAVE_SYS_STAT_H 1
| #define HAVE_STDLIB_H 1
| #define HAVE_STRING_H 1
| #define HAVE_MEMORY_H 1
| #define HAVE_STRINGS_H 1
| #define HAVE_INTTYPES_H 1
| #define HAVE_STDINT_H 1
| #define HAVE_UNISTD_H 1
| #define SIZEOF_SHORT 2
| #define SIZEOF_INT 4
| #define SIZEOF_LONG 8
| #define U16 unsigned short
| #define U32 unsigned
| #define U64 unsigned long
| #define HAVE_DIRENT_H 1
| #define HAVE_SYS_SELECT_H 1
| #define HAVE_SCANDIR_POSIX 1
| #define HAVE_SCANDIR 1
| #define HAVE_STRING_H 1
| #define HAVE_STRINGS_H 1
| #define HAVE_SNPRINTF 1
| #define HAVE_VSNPRINTF 1
| #define HAVE_STRCASECMP 1
| #define HAVE_STRDUP 1
| #define HAVE_STRNCASECMP 1
| #define HAVE_LIBJPEG 1
| #define HAVE_LIBZ 1
| #define HAVE_PNG_H 1
| /* end confdefs.h.  */
| #include <libpng/png.h>
configure:5357: result: no
configure:5357: checking for libpng/png.h
configure:5357: result: no
configure:5365: checking for png_read_rows in -lpng
configure:5390: gcc -o conftest    conftest.c -lpng  -lm  -lz >&5
configure:5390: $? = 0
configure:5399: result: yes
configure:5411: checking for png_get_valid
configure:5411: gcc -o conftest    conftest.c -lpng -lm  -lz >&5
configure:5411: $? = 0
configure:5411: result: yes
configure:5411: checking for png_set_tRNS_to_alpha
configure:5411: gcc -o conftest    conftest.c -lpng -lm  -lz >&5
configure:5411: $? = 0
configure:5411: result: yes
configure:5447: checking pthread.h usability
configure:5447: gcc -c   conftest.c >&5
configure:5447: $? = 0
configure:5447: result: yes
configure:5447: checking pthread.h presence
configure:5447: gcc -E  conftest.c
configure:5447: $? = 0
configure:5447: result: yes
configure:5447: checking for pthread.h
configure:5447: result: yes
configure:5454: checking for pthread_create in -lpthread
configure:5479: gcc -o conftest    conftest.c -lpthread  -lm  >&5
configure:5479: $? = 0
configure:5488: result: yes
configure:5629: checking for X
configure:5768: gcc -o conftest    conftest.c -lX11 -lpthread -lm  >&5
configure:5768: $? = 0
configure:5818: result: libraries , headers 
configure:5917: gcc -o conftest    conftest.c -lpthread -lm   -lX11 >&5
configure:5917: $? = 0
configure:6015: checking for gethostbyname
configure:6015: gcc -o conftest    conftest.c -lpthread -lm  >&5
configure:6015: $? = 0
configure:6015: result: yes
configure:6112: checking for connect
configure:6112: gcc -o conftest    conftest.c -lpthread -lm  >&5
configure:6112: $? = 0
configure:6112: result: yes
configure:6161: checking for remove
configure:6161: gcc -o conftest    conftest.c -lpthread -lm  >&5
configure:6161: $? = 0
configure:6161: result: yes
configure:6210: checking for shmat
configure:6210: gcc -o conftest    conftest.c -lpthread -lm  >&5
configure:6210: $? = 0
configure:6210: result: yes
configure:6268: checking for IceConnectionNumber in -lICE
configure:6293: gcc -o conftest    conftest.c -lICE  -lpthread -lm  >&5
configure:6293: $? = 0
configure:6302: result: yes
configure:6318: WARNING: Ignoring libraries " -lSM -lICE" requested by configure.
configure:6334: checking for library containing dlopen
configure:6365: gcc -o conftest     conftest.c -lpthread -lm  -lXext  >&5
/usr/bin/ld: /tmp/ccQEjSsB.o: undefined reference to symbol 'dlopen@@GLIBC_2.2.5'
/usr/lib/libdl.so.2: error adding symbols: DSO missing from command line
collect2: error: ld returned 1 exit status
configure:6365: $? = 1
configure: failed program was:
| /* confdefs.h */
| #define PACKAGE_NAME ""
| #define PACKAGE_TARNAME ""
| #define PACKAGE_VERSION ""
| #define PACKAGE_STRING ""
| #define PACKAGE_BUGREPORT ""
| #define PACKAGE_URL ""
| #define STDC_HEADERS 1
| #define HAVE_SYS_TYPES_H 1
| #define HAVE_SYS_STAT_H 1
| #define HAVE_STDLIB_H 1
| #define HAVE_STRING_H 1
| #define HAVE_MEMORY_H 1
| #define HAVE_STRINGS_H 1
| #define HAVE_INTTYPES_H 1
| #define HAVE_STDINT_H 1
| #define HAVE_UNISTD_H 1
| #define SIZEOF_SHORT 2
| #define SIZEOF_INT 4
| #define SIZEOF_LONG 8
| #define U16 unsigned short
| #define U32 unsigned
| #define U64 unsigned long
| #define HAVE_DIRENT_H 1
| #define HAVE_SYS_SELECT_H 1
| #define HAVE_SCANDIR_POSIX 1
| #define HAVE_SCANDIR 1
| #define HAVE_STRING_H 1
| #define HAVE_STRINGS_H 1
| #define HAVE_SNPRINTF 1
| #define HAVE_VSNPRINTF 1
| #define HAVE_STRCASECMP 1
| #define HAVE_STRDUP 1
| #define HAVE_STRNCASECMP 1
| #define HAVE_LIBJPEG 1
| #define HAVE_LIBZ 1
| #define HAVE_PNG_H 1
| #define HAVE_LIBPNG 1
| #define HAVE_PNG_GET_VALID 1
| #define HAVE_PNG_SET_TRNS_TO_ALPHA 1
| #define HAVE_PTHREAD_H 1
| #define HAVE_LIBPTHREAD 1
| #define HAVE_PTHREAD 1
| /* end confdefs.h.  */
| 
| /* Override any GCC internal prototype to avoid an error.
|    Use char because int might match the return type of a GCC
|    builtin and then its argument prototype would still apply.  */
| #ifdef __cplusplus
| extern "C"
| #endif
| char dlopen ();
| int
| main ()
| {
| return dlopen ();
|   ;
|   return 0;
| }
configure:6365: gcc -o conftest     conftest.c -ldl  -lpthread -lm  -lXext  >&5
configure:6365: $? = 0
configure:6382: result: -ldl
configure:6390: checking GL/gl.h usability
configure:6390: gcc -c   conftest.c >&5
configure:6390: $? = 0
configure:6390: result: yes
configure:6390: checking GL/gl.h presence
configure:6390: gcc -E  conftest.c
configure:6390: $? = 0
configure:6390: result: yes
configure:6390: checking for GL/gl.h
configure:6390: result: yes
configure:6393: checking for glXMakeCurrent in -lGL
configure:6418: gcc -o conftest     conftest.c -lGL -lm -ldl -lpthread -lm  -lXext  >&5
configure:6418: $? = 0
configure:6427: result: yes
configure:6484: checking GL/glu.h usability
configure:6484: gcc -c   conftest.c >&5
conftest.c:79:10: fatal error: GL/glu.h: No such file or directory
 #include <GL/glu.h>
          ^~~~~~~~~~
compilation terminated.
configure:6484: $? = 1
configure: failed program was:
| /* confdefs.h */
| #define PACKAGE_NAME ""
| #define PACKAGE_TARNAME ""
| #define PACKAGE_VERSION ""
| #define PACKAGE_STRING ""
| #define PACKAGE_BUGREPORT ""
| #define PACKAGE_URL ""
| #define STDC_HEADERS 1
| #define HAVE_SYS_TYPES_H 1
| #define HAVE_SYS_STAT_H 1
| #define HAVE_STDLIB_H 1
| #define HAVE_STRING_H 1
| #define HAVE_MEMORY_H 1
| #define HAVE_STRINGS_H 1
| #define HAVE_INTTYPES_H 1
| #define HAVE_STDINT_H 1
| #define HAVE_UNISTD_H 1
| #define SIZEOF_SHORT 2
| #define SIZEOF_INT 4
| #define SIZEOF_LONG 8
| #define U16 unsigned short
| #define U32 unsigned
| #define U64 unsigned long
| #define HAVE_DIRENT_H 1
| #define HAVE_SYS_SELECT_H 1
| #define HAVE_SCANDIR_POSIX 1
| #define HAVE_SCANDIR 1
| #define HAVE_STRING_H 1
| #define HAVE_STRINGS_H 1
| #define HAVE_SNPRINTF 1
| #define HAVE_VSNPRINTF 1
| #define HAVE_STRCASECMP 1
| #define HAVE_STRDUP 1
| #define HAVE_STRNCASECMP 1
| #define HAVE_LIBJPEG 1
| #define HAVE_LIBZ 1
| #define HAVE_PNG_H 1
| #define HAVE_LIBPNG 1
| #define HAVE_PNG_GET_VALID 1
| #define HAVE_PNG_SET_TRNS_TO_ALPHA 1
| #define HAVE_PTHREAD_H 1
| #define HAVE_LIBPTHREAD 1
| #define HAVE_PTHREAD 1
| #define HAVE_GL 1
| /* end confdefs.h.  */
| #include <stdio.h>
| #ifdef HAVE_SYS_TYPES_H
| # include <sys/types.h>
| #endif
| #ifdef HAVE_SYS_STAT_H
| # include <sys/stat.h>
| #endif
| #ifdef STDC_HEADERS
| # include <stdlib.h>
| # include <stddef.h>
| #else
| # ifdef HAVE_STDLIB_H
| #  include <stdlib.h>
| # endif
| #endif
| #ifdef HAVE_STRING_H
| # if !defined STDC_HEADERS && defined HAVE_MEMORY_H
| #  include <memory.h>
| # endif
| # include <string.h>
| #endif
| #ifdef HAVE_STRINGS_H
| # include <strings.h>
| #endif
| #ifdef HAVE_INTTYPES_H
| # include <inttypes.h>
| #endif
| #ifdef HAVE_STDINT_H
| # include <stdint.h>
| #endif
| #ifdef HAVE_UNISTD_H
| # include <unistd.h>
| #endif
| #include <GL/glu.h>
configure:6484: result: no
configure:6484: checking GL/glu.h presence
configure:6484: gcc -E  conftest.c
conftest.c:46:10: fatal error: GL/glu.h: No such file or directory
 #include <GL/glu.h>
          ^~~~~~~~~~
compilation terminated.
configure:6484: $? = 1
configure: failed program was:
| /* confdefs.h */
| #define PACKAGE_NAME ""
| #define PACKAGE_TARNAME ""
| #define PACKAGE_VERSION ""
| #define PACKAGE_STRING ""
| #define PACKAGE_BUGREPORT ""
| #define PACKAGE_URL ""
| #define STDC_HEADERS 1
| #define HAVE_SYS_TYPES_H 1
| #define HAVE_SYS_STAT_H 1
| #define HAVE_STDLIB_H 1
| #define HAVE_STRING_H 1
| #define HAVE_MEMORY_H 1
| #define HAVE_STRINGS_H 1
| #define HAVE_INTTYPES_H 1
| #define HAVE_STDINT_H 1
| #define HAVE_UNISTD_H 1
| #define SIZEOF_SHORT 2
| #define SIZEOF_INT 4
| #define SIZEOF_LONG 8
| #define U16 unsigned short
| #define U32 unsigned
| #define U64 unsigned long
| #define HAVE_DIRENT_H 1
| #define HAVE_SYS_SELECT_H 1
| #define HAVE_SCANDIR_POSIX 1
| #define HAVE_SCANDIR 1
| #define HAVE_STRING_H 1
| #define HAVE_STRINGS_H 1
| #define HAVE_SNPRINTF 1
| #define HAVE_VSNPRINTF 1
| #define HAVE_STRCASECMP 1
| #define HAVE_STRDUP 1
| #define HAVE_STRNCASECMP 1
| #define HAVE_LIBJPEG 1
| #define HAVE_LIBZ 1
| #define HAVE_PNG_H 1
| #define HAVE_LIBPNG 1
| #define HAVE_PNG_GET_VALID 1
| #define HAVE_PNG_SET_TRNS_TO_ALPHA 1
| #define HAVE_PTHREAD_H 1
| #define HAVE_LIBPTHREAD 1
| #define HAVE_PTHREAD 1
| #define HAVE_GL 1
| /* end confdefs.h.  */
| #include <GL/glu.h>
configure:6484: result: no
configure:6484: checking for GL/glu.h
configure:6484: result: no
configure:6542: checking for freetype-config
configure:6575: result: no
configure:6584: checking X11/Xft/Xft.h usability
configure:6584: gcc -c    conftest.c >&5
In file included from conftest.c:79:
/usr/include/X11/Xft/Xft.h:39:10: fatal error: ft2build.h: No such file or directory
 #include <ft2build.h>
          ^~~~~~~~~~~~
compilation terminated.
configure:6584: $? = 1
configure: failed program was:
| /* confdefs.h */
| #define PACKAGE_NAME ""
| #define PACKAGE_TARNAME ""
| #define PACKAGE_VERSION ""
| #define PACKAGE_STRING ""
| #define PACKAGE_BUGREPORT ""
| #define PACKAGE_URL ""
| #define STDC_HEADERS 1
| #define HAVE_SYS_TYPES_H 1
| #define HAVE_SYS_STAT_H 1
| #define HAVE_STDLIB_H 1
| #define HAVE_STRING_H 1
| #define HAVE_MEMORY_H 1
| #define HAVE_STRINGS_H 1
| #define HAVE_INTTYPES_H 1
| #define HAVE_STDINT_H 1
| #define HAVE_UNISTD_H 1
| #define SIZEOF_SHORT 2
| #define SIZEOF_INT 4
| #define SIZEOF_LONG 8
| #define U16 unsigned short
| #define U32 unsigned
| #define U64 unsigned long
| #define HAVE_DIRENT_H 1
| #define HAVE_SYS_SELECT_H 1
| #define HAVE_SCANDIR_POSIX 1
| #define HAVE_SCANDIR 1
| #define HAVE_STRING_H 1
| #define HAVE_STRINGS_H 1
| #define HAVE_SNPRINTF 1
| #define HAVE_VSNPRINTF 1
| #define HAVE_STRCASECMP 1
| #define HAVE_STRDUP 1
| #define HAVE_STRNCASECMP 1
| #define HAVE_LIBJPEG 1
| #define HAVE_LIBZ 1
| #define HAVE_PNG_H 1
| #define HAVE_LIBPNG 1
| #define HAVE_PNG_GET_VALID 1
| #define HAVE_PNG_SET_TRNS_TO_ALPHA 1
| #define HAVE_PTHREAD_H 1
| #define HAVE_LIBPTHREAD 1
| #define HAVE_PTHREAD 1
| #define HAVE_GL 1
| /* end confdefs.h.  */
| #include <stdio.h>
| #ifdef HAVE_SYS_TYPES_H
| # include <sys/types.h>
| #endif
| #ifdef HAVE_SYS_STAT_H
| # include <sys/stat.h>
| #endif
| #ifdef STDC_HEADERS
| # include <stdlib.h>
| # include <stddef.h>
| #else
| # ifdef HAVE_STDLIB_H
| #  include <stdlib.h>
| # endif
| #endif
| #ifdef HAVE_STRING_H
| # if !defined STDC_HEADERS && defined HAVE_MEMORY_H
| #  include <memory.h>
| # endif
| # include <string.h>
| #endif
| #ifdef HAVE_STRINGS_H
| # include <strings.h>
| #endif
| #ifdef HAVE_INTTYPES_H
| # include <inttypes.h>
| #endif
| #ifdef HAVE_STDINT_H
| # include <stdint.h>
| #endif
| #ifdef HAVE_UNISTD_H
| # include <unistd.h>
| #endif
| #include <X11/Xft/Xft.h>
configure:6584: result: no
configure:6584: checking X11/Xft/Xft.h presence
configure:6584: gcc -E    conftest.c
In file included from conftest.c:46:
/usr/include/X11/Xft/Xft.h:39:10: fatal error: ft2build.h: No such file or directory
 #include <ft2build.h>
          ^~~~~~~~~~~~
compilation terminated.
configure:6584: $? = 1
configure: failed program was:
| /* confdefs.h */
| #define PACKAGE_NAME ""
| #define PACKAGE_TARNAME ""
| #define PACKAGE_VERSION ""
| #define PACKAGE_STRING ""
| #define PACKAGE_BUGREPORT ""
| #define PACKAGE_URL ""
| #define STDC_HEADERS 1
| #define HAVE_SYS_TYPES_H 1
| #define HAVE_SYS_STAT_H 1
| #define HAVE_STDLIB_H 1
| #define HAVE_STRING_H 1
| #define HAVE_MEMORY_H 1
| #define HAVE_STRINGS_H 1
| #define HAVE_INTTYPES_H 1
| #define HAVE_STDINT_H 1
| #define HAVE_UNISTD_H 1
| #define SIZEOF_SHORT 2
| #define SIZEOF_INT 4
| #define SIZEOF_LONG 8
| #define U16 unsigned short
| #define U32 unsigned
| #define U64 unsigned long
| #define HAVE_DIRENT_H 1
| #define HAVE_SYS_SELECT_H 1
| #define HAVE_SCANDIR_POSIX 1
| #define HAVE_SCANDIR 1
| #define HAVE_STRING_H 1
| #define HAVE_STRINGS_H 1
| #define HAVE_SNPRINTF 1
| #define HAVE_VSNPRINTF 1
| #define HAVE_STRCASECMP 1
| #define HAVE_STRDUP 1
| #define HAVE_STRNCASECMP 1
| #define HAVE_LIBJPEG 1
| #define HAVE_LIBZ 1
| #define HAVE_PNG_H 1
| #define HAVE_LIBPNG 1
| #define HAVE_PNG_GET_VALID 1
| #define HAVE_PNG_SET_TRNS_TO_ALPHA 1
| #define HAVE_PTHREAD_H 1
| #define HAVE_LIBPTHREAD 1
| #define HAVE_PTHREAD 1
| #define HAVE_GL 1
| /* end confdefs.h.  */
| #include <X11/Xft/Xft.h>
configure:6584: result: no
configure:6584: checking for X11/Xft/Xft.h
configure:6584: result: no
configure:6635: checking X11/Xcursor/XcursorSSS.h usability
configure:6635: gcc -c    conftest.c >&5
conftest.c:79:10: fatal error: X11/Xcursor/XcursorSSS.h: No such file or directory
 #include <X11/Xcursor/XcursorSSS.h>
          ^~~~~~~~~~~~~~~~~~~~~~~~~~
compilation terminated.
configure:6635: $? = 1
configure: failed program was:
| /* confdefs.h */
| #define PACKAGE_NAME ""
| #define PACKAGE_TARNAME ""
| #define PACKAGE_VERSION ""
| #define PACKAGE_STRING ""
| #define PACKAGE_BUGREPORT ""
| #define PACKAGE_URL ""
| #define STDC_HEADERS 1
| #define HAVE_SYS_TYPES_H 1
| #define HAVE_SYS_STAT_H 1
| #define HAVE_STDLIB_H 1
| #define HAVE_STRING_H 1
| #define HAVE_MEMORY_H 1
| #define HAVE_STRINGS_H 1
| #define HAVE_INTTYPES_H 1
| #define HAVE_STDINT_H 1
| #define HAVE_UNISTD_H 1
| #define SIZEOF_SHORT 2
| #define SIZEOF_INT 4
| #define SIZEOF_LONG 8
| #define U16 unsigned short
| #define U32 unsigned
| #define U64 unsigned long
| #define HAVE_DIRENT_H 1
| #define HAVE_SYS_SELECT_H 1
| #define HAVE_SCANDIR_POSIX 1
| #define HAVE_SCANDIR 1
| #define HAVE_STRING_H 1
| #define HAVE_STRINGS_H 1
| #define HAVE_SNPRINTF 1
| #define HAVE_VSNPRINTF 1
| #define HAVE_STRCASECMP 1
| #define HAVE_STRDUP 1
| #define HAVE_STRNCASECMP 1
| #define HAVE_LIBJPEG 1
| #define HAVE_LIBZ 1
| #define HAVE_PNG_H 1
| #define HAVE_LIBPNG 1
| #define HAVE_PNG_GET_VALID 1
| #define HAVE_PNG_SET_TRNS_TO_ALPHA 1
| #define HAVE_PTHREAD_H 1
| #define HAVE_LIBPTHREAD 1
| #define HAVE_PTHREAD 1
| #define HAVE_GL 1
| /* end confdefs.h.  */
| #include <stdio.h>
| #ifdef HAVE_SYS_TYPES_H
| # include <sys/types.h>
| #endif
| #ifdef HAVE_SYS_STAT_H
| # include <sys/stat.h>
| #endif
| #ifdef STDC_HEADERS
| # include <stdlib.h>
| # include <stddef.h>
| #else
| # ifdef HAVE_STDLIB_H
| #  include <stdlib.h>
| # endif
| #endif
| #ifdef HAVE_STRING_H
| # if !defined STDC_HEADERS && defined HAVE_MEMORY_H
| #  include <memory.h>
| # endif
| # include <string.h>
| #endif
| #ifdef HAVE_STRINGS_H
| # include <strings.h>
| #endif
| #ifdef HAVE_INTTYPES_H
| # include <inttypes.h>
| #endif
| #ifdef HAVE_STDINT_H
| # include <stdint.h>
| #endif
| #ifdef HAVE_UNISTD_H
| # include <unistd.h>
| #endif
| #include <X11/Xcursor/XcursorSSS.h>
configure:6635: result: no
configure:6635: checking X11/Xcursor/XcursorSSS.h presence
configure:6635: gcc -E    conftest.c
conftest.c:46:10: fatal error: X11/Xcursor/XcursorSSS.h: No such file or directory
 #include <X11/Xcursor/XcursorSSS.h>
          ^~~~~~~~~~~~~~~~~~~~~~~~~~
compilation terminated.
configure:6635: $? = 1
configure: failed program was:
| /* confdefs.h */
| #define PACKAGE_NAME ""
| #define PACKAGE_TARNAME ""
| #define PACKAGE_VERSION ""
| #define PACKAGE_STRING ""
| #define PACKAGE_BUGREPORT ""
| #define PACKAGE_URL ""
| #define STDC_HEADERS 1
| #define HAVE_SYS_TYPES_H 1
| #define HAVE_SYS_STAT_H 1
| #define HAVE_STDLIB_H 1
| #define HAVE_STRING_H 1
| #define HAVE_MEMORY_H 1
| #define HAVE_STRINGS_H 1
| #define HAVE_INTTYPES_H 1
| #define HAVE_STDINT_H 1
| #define HAVE_UNISTD_H 1
| #define SIZEOF_SHORT 2
| #define SIZEOF_INT 4
| #define SIZEOF_LONG 8
| #define U16 unsigned short
| #define U32 unsigned
| #define U64 unsigned long
| #define HAVE_DIRENT_H 1
| #define HAVE_SYS_SELECT_H 1
| #define HAVE_SCANDIR_POSIX 1
| #define HAVE_SCANDIR 1
| #define HAVE_STRING_H 1
| #define HAVE_STRINGS_H 1
| #define HAVE_SNPRINTF 1
| #define HAVE_VSNPRINTF 1
| #define HAVE_STRCASECMP 1
| #define HAVE_STRDUP 1
| #define HAVE_STRNCASECMP 1
| #define HAVE_LIBJPEG 1
| #define HAVE_LIBZ 1
| #define HAVE_PNG_H 1
| #define HAVE_LIBPNG 1
| #define HAVE_PNG_GET_VALID 1
| #define HAVE_PNG_SET_TRNS_TO_ALPHA 1
| #define HAVE_PTHREAD_H 1
| #define HAVE_LIBPTHREAD 1
| #define HAVE_PTHREAD 1
| #define HAVE_GL 1
| /* end confdefs.h.  */
| #include <X11/Xcursor/XcursorSSS.h>
configure:6635: result: no
configure:6635: checking for X11/Xcursor/XcursorSSS.h
configure:6635: result: no
configure:6708: checking for X11/extensions/Xdbe.h
configure:6708: gcc -c    conftest.c >&5
configure:6708: $? = 0
configure:6708: result: yes
configure:6724: checking for X11/extensions/Xinerama.h
configure:6724: gcc -c    conftest.c >&5
configure:6724: $? = 0
configure:6724: result: yes
configure:6737: checking for X overlay visuals
configure:6748: result: no
configure:6756: checking for Xutf8LookupString in -lX11
configure:6781: gcc -o conftest      conftest.c -lX11  -lXi -lXinerama -ldl -lpthread -lm  -lXext  >&5
configure:6781: $? = 0
configure:6790: result: yes
configure:6943: checking if libsupc++ is required
configure:6961: result: yes
configure:7361: creating ./config.status

## ---------------------- ##
## Running config.status. ##
## ---------------------- ##

This file was extended by config.status, which was
generated by GNU Autoconf 2.69.  Invocation command line was

  CONFIG_FILES    = 
  CONFIG_HEADERS  = 
  CONFIG_LINKS    = 
  CONFIG_COMMANDS = 
  $ ./config.status 

on Ric

config.status:884: creating makeinclude
config.status:983: WARNING:  'makeinclude.in' seems to ignore the --datarootdir setting
config.status:884: creating fltk.list
config.status:983: WARNING:  'fltk.list.in' seems to ignore the --datarootdir setting
config.status:884: creating fltk2-config
config.status:884: creating config.h

## ---------------- ##
## Cache variables. ##
## ---------------- ##

ac_cv_c_bigendian=no
ac_cv_c_compiler_gnu=yes
ac_cv_cxx_bool=yes
ac_cv_cxx_compiler_gnu=yes
ac_cv_cxx_scandir_posix=yes
ac_cv_env_CCC_set=
ac_cv_env_CCC_value=
ac_cv_env_CC_set=
ac_cv_env_CC_value=
ac_cv_env_CFLAGS_set=
ac_cv_env_CFLAGS_value=
ac_cv_env_CPPFLAGS_set=
ac_cv_env_CPPFLAGS_value=
ac_cv_env_CPP_set=
ac_cv_env_CPP_value=
ac_cv_env_CXXFLAGS_set=
ac_cv_env_CXXFLAGS_value=
ac_cv_env_CXX_set=
ac_cv_env_CXX_value=
ac_cv_env_LDFLAGS_set=
ac_cv_env_LDFLAGS_value=
ac_cv_env_LIBS_set=
ac_cv_env_LIBS_value=
ac_cv_env_XMKMF_set=
ac_cv_env_XMKMF_value=
ac_cv_env_build_alias_set=
ac_cv_env_build_alias_value=
ac_cv_env_host_alias_set=
ac_cv_env_host_alias_value=
ac_cv_env_target_alias_set=
ac_cv_env_target_alias_value=
ac_cv_func_connect=yes
ac_cv_func_gethostbyname=yes
ac_cv_func_png_get_valid=yes
ac_cv_func_png_set_tRNS_to_alpha=yes
ac_cv_func_remove=yes
ac_cv_func_scandir=yes
ac_cv_func_shmat=yes
ac_cv_func_snprintf=yes
ac_cv_func_strcasecmp=yes
ac_cv_func_strdup=yes
ac_cv_func_strlcat=no
ac_cv_func_strlcpy=no
ac_cv_func_strncasecmp=yes
ac_cv_func_vsnprintf=yes
ac_cv_have_overlay=no
ac_cv_have_x='have_x=yes	ac_x_includes='\'''\''	ac_x_libraries='\'''\'''
ac_cv_header_GL_gl_h=yes
ac_cv_header_GL_glu_h=no
ac_cv_header_X11_Xcursor_XcursorSSS_h=no
ac_cv_header_X11_Xft_Xft_h=no
ac_cv_header_X11_extensions_Xdbe_h=yes
ac_cv_header_X11_extensions_Xinerama_h=yes
ac_cv_header_dirent_dirent_h=yes
ac_cv_header_inttypes_h=yes
ac_cv_header_jpeglib_h=yes
ac_cv_header_libpng_png_h=no
ac_cv_header_memory_h=yes
ac_cv_header_png_h=yes
ac_cv_header_pthread_h=yes
ac_cv_header_stdc=yes
ac_cv_header_stdint_h=yes
ac_cv_header_stdlib_h=yes
ac_cv_header_string_h=yes
ac_cv_header_strings_h=yes
ac_cv_header_sys_select_h=yes
ac_cv_header_sys_stat_h=yes
ac_cv_header_sys_stdtypes_h=no
ac_cv_header_sys_types_h=yes
ac_cv_header_unistd_h=yes
ac_cv_header_zlib_h=yes
ac_cv_lib_GL_glXMakeCurrent=yes
ac_cv_lib_ICE_IceConnectionNumber=yes
ac_cv_lib_X11_Xutf8LookupString=yes
ac_cv_lib_jpeg_jpeg_destroy_decompress=yes
ac_cv_lib_png_png_read_rows=yes
ac_cv_lib_pthread_pthread_create=yes
ac_cv_lib_z_gzopen=yes
ac_cv_objext=o
ac_cv_path_AR=/usr/bin/ar
ac_cv_path_EGREP='/usr/bin/grep -E'
ac_cv_path_GREP=/usr/bin/grep
ac_cv_path_NROFF=/usr/bin/nroff
ac_cv_prog_CPP='gcc -E'
ac_cv_prog_ac_ct_CC=gcc
ac_cv_prog_ac_ct_CXX=g++
ac_cv_prog_ac_ct_RANLIB=ranlib
ac_cv_prog_cc_c89=
ac_cv_prog_cc_g=yes
ac_cv_prog_cxx_g=yes
ac_cv_search_dlopen=-ldl
ac_cv_search_opendir='none required'
ac_cv_search_pow=-lm
ac_cv_sizeof_int=4
ac_cv_sizeof_long=8
ac_cv_sizeof_short=2

## ----------------- ##
## Output variables. ##
## ----------------- ##

AR='/usr/bin/ar'
BUILDTARGETS='programs'
CAT1EXT='1'
CAT3EXT='3'
CC='gcc'
CFLAGS=''
CPP='gcc -E'
CPPFLAGS=' '
CXX='gcc'
CXXFLAGS='  -Wno-non-virtual-dtor'
DEFS='-DHAVE_CONFIG_H'
DSOCOMMAND='echo'
DSOLINK=''
DSOPREFIX=''
DSOSUFFIX=''
DSOSYMLINK=''
DSOTARGET=''
ECHO_C=''
ECHO_N='-n'
ECHO_T=''
EGREP='/usr/bin/grep -E'
EXEEXT=''
FLUID='fluid2'
FL_API_VERSION='2.0'
FL_MAJOR_VERSION='2'
FL_MINOR_VERSION='0'
FL_PATCH_VERSION='0'
FL_RELEASE_VERSION='a0'
FTCONFIG=''
GLDEMOS='gldemos'
GLLIB='-lGL'
GREP='/usr/bin/grep'
GROFF=''
HLINKS=''
HTMLDOC=''
IMAGELIBS='-lpng -lfltk2_images -ljpeg -lz'
INSTALLTARGETS='install_programs'
LDFLAGS=' '
LIBCOMMAND='/usr/bin/ar cr'
LIBOBJS=''
LIBPREFIX='lib'
LIBS='-lX11 -lXi -lXinerama -ldl -lpthread -lm  -lXext  -lsupc++'
LIBSUFFIX='.a'
LIBTARGET='static'
LINKFLTK='-lfltk2'
LINKFLTKGL='-lfltk2_gl'
LINKFLTKIMG='-lfltk2_images'
LINKSHARED='-L../lib -lfltk2_images -lfltk2'
LOCAL_IMAGELIBS=''
LOCAL_IMAGETARGETS=''
LTLIBOBJS=''
MAKEDEPEND='$(CXX) -MM -DMAKEDEPEND'
NROFF='/usr/bin/nroff'
OBJEXT='o'
OPTIM=' -O2 -Wall -Wunused '
PACKAGE_BUGREPORT=''
PACKAGE_NAME=''
PACKAGE_STRING=''
PACKAGE_TARNAME=''
PACKAGE_URL=''
PACKAGE_VERSION=''
PATH_SEPARATOR=':'
POSTBUILD=':'
RANLIB='ranlib'
SHAREDSUFFIX=''
SHELL='/bin/sh'
THEMECOMMAND='${CXX} -shared  -o'
THREADS='threads'
XMKMF=''
X_CFLAGS=''
X_EXTRA_LIBS=''
X_LIBS=''
X_PRE_LIBS=' -lSM -lICE'
ZLIBINC=''
ac_ct_CC='gcc'
ac_ct_CXX='g++'
bindir='${exec_prefix}/bin'
build_alias=''
datadir='${datarootdir}'
datarootdir='${prefix}/share'
docdir='${datarootdir}/doc/${PACKAGE}'
dvidir='${docdir}'
exec_prefix='${prefix}'
host_alias=''
htmldir='${docdir}'
includedir='${prefix}/include'
infodir='${datarootdir}/info'
libdir='${exec_prefix}/lib'
libexecdir='${exec_prefix}/libexec'
localedir='${datarootdir}/locale'
localstatedir='${prefix}/var'
mandir='${datarootdir}/man'
oldincludedir='/usr/include'
pdfdir='${docdir}'
prefix='/usr/local'
program_transform_name='s,x,x,'
psdir='${docdir}'
sbindir='${exec_prefix}/sbin'
sharedstatedir='${prefix}/com'
sysconfdir='${prefix}/etc'
target_alias=''

## ----------- ##
## confdefs.h. ##
## ----------- ##

/* confdefs.h */
#define PACKAGE_NAME ""
#define PACKAGE_TARNAME ""
#define PACKAGE_VERSION ""
#define PACKAGE_STRING ""
#define PACKAGE_BUGREPORT ""
#define PACKAGE_URL ""
#define STDC_HEADERS 1
#define HAVE_SYS_TYPES_H 1
#define HAVE_SYS_STAT_H 1
#define HAVE_STDLIB_H 1
#define HAVE_STRING_H 1
#define HAVE_MEMORY_H 1
#define HAVE_STRINGS_H 1
#define HAVE_INTTYPES_H 1
#define HAVE_STDINT_H 1
#define HAVE_UNISTD_H 1
#define SIZEOF_SHORT 2
#define SIZEOF_INT 4
#define SIZEOF_LONG 8
#define U16 unsigned short
#define U32 unsigned
#define U64 unsigned long
#define HAVE_DIRENT_H 1
#define HAVE_SYS_SELECT_H 1
#define HAVE_SCANDIR_POSIX 1
#define HAVE_SCANDIR 1
#define HAVE_STRING_H 1
#define HAVE_STRINGS_H 1
#define HAVE_SNPRINTF 1
#define HAVE_VSNPRINTF 1
#define HAVE_STRCASECMP 1
#define HAVE_STRDUP 1
#define HAVE_STRNCASECMP 1
#define HAVE_LIBJPEG 1
#define HAVE_LIBZ 1
#define HAVE_PNG_H 1
#define HAVE_LIBPNG 1
#define HAVE_PNG_GET_VALID 1
#define HAVE_PNG_SET_TRNS_TO_ALPHA 1
#define HAVE_PTHREAD_H 1
#define HAVE_LIBPTHREAD 1
#define HAVE_PTHREAD 1
#define HAVE_GL 1
#define HAVE_XDBE 1
#define USE_XINERAMA 1
#define HAVE_LIBX11 1
#define HAVE_EXCEPTIONS 1
#define HAVE_RTTI 1
#define FLTK_DOCDIR "/usr/local/share/doc/fltk"
#define FLTK_DATADIR "/usr/local/share/fltk"

configure: exit 0
